Build started 6/17/2014 2:16:54 AM.
     1>Project "C:\Users\Rafayel\Desktop\Python_Generator\Python_Generator\Python_Generator.vcxproj" on node 2 (build target(s)).
     1>InitializeBuildStatus:
         Touching "Debug\Python_Generator.unsuccessfulbuild".
       ClCompile:
         C:\Program Files (x86)\Microsoft Visual Studio 10.0\VC\bin\CL.exe /c /ZI /nologo /W3 /WX- /Od /Oy- /D _MBCS /Gm /EHsc /RTC1 /MDd /GS /fp:precise /Zc:wchar_t /Zc:forScope /Fo"Debug\\" /Fd"Debug\vc100.pdb" /Gd /TP /analyze- /errorReport:prompt main.cpp page_saver.cpp
         page_saver.cpp
     1>c:\users\rafayel\desktop\python_generator\python_generator\page_saver.cpp(4): fatal error C1083: Cannot open include file: 'page_saver.hpp': No such file or directory
         main.cpp
     1>c:\users\rafayel\desktop\python_generator\python_generator\main.cpp(4): fatal error C1083: Cannot open include file: 'page_saver.hpp': No such file or directory
         Generating Code...
     1>Done Building Project "C:\Users\Rafayel\Desktop\Python_Generator\Python_Generator\Python_Generator.vcxproj" (build target(s)) -- FAILED.

Build FAILED.

Time Elapsed 00:00:00.48
